<?xml version="1.0" encoding="UTF-8"?>
<!-- Generated by org.testng.reporters.JUnitReportReporter -->
<testsuite skipped="0" hostname="LAPTOP-DHJLKDTK" name="base.Validation" tests="2" failures="0" timestamp="2020-06-23T19:43:20 IST" time="0.439" errors="0">
  <testcase name="validate" time="0.377" classname="base.Validation"/>
  <system-out/>
  <testcase name="validateBanner" time="0.062" classname="base.Validation"/>
  <system-out/>
</testsuite> <!-- base.Validation -->
