<?xml version="1.0" encoding="UTF-8"?>
<!-- Generated by org.testng.reporters.JUnitReportReporter -->
<testsuite skipped="0" hostname="LAPTOP-DHJLKDTK" name="base.HomePage" tests="2" failures="0" timestamp="2020-06-23T17:31:33 IST" time="26.252" errors="0">
  <testcase name="basePageNavigation" time="11.918" classname="base.HomePage"/>
  <system-out/>
  <testcase name="basePageNavigation" time="14.334" classname="base.HomePage"/>
  <system-out/>
</testsuite> <!-- base.HomePage -->
